Drill report for H:\Archon\try1board\try1.kicad_pcb
Created on 12/12/2016 4:17:21 PM

Copper Layer Stackup:
    =============================================================
    L1 :  F.Cu                      front
    L2 :  B.Cu                      back


Drill file 'H:try1.drl' contains
    plated through holes:
    =============================================================
    T1  0.33mm  0.013"  (65 holes)
    T2  0.77mm  0.031"  (6 holes)
    T3  0.98mm  0.038"  (24 holes)
    T4  1.02mm  0.040"  (97 holes)
    T5  1.40mm  0.055"  (4 holes)
    T6  1.50mm  0.059"  (4 holes)
    T7  3.05mm  0.120"  (6 holes)

    Total plated holes count 206


Drill file 'H:try1-NPTH.drl' contains
    unplated through holes:
    =============================================================
    T1  1.52mm  0.060"  (20 holes)
    T2  2.04mm  0.081"  (4 holes)
    T3  5.08mm  0.200"  (4 holes)

    Total unplated holes count 28
